<?xml version="1.0" encoding="UTF-8"?>
<!-- Generated by org.testng.reporters.JUnitReportReporter -->
<testsuite hostname="Mathiyaparanams.local" failures="0" tests="1" name="systaem.qa.tests.LoginPageTest" time="13.944" errors="0" timestamp="22 Dec 2021 10:30:38 GMT" skipped="0">
  <testcase classname="systaem.qa.tests.LoginPageTest" name="test" time="13.944"/>
</testsuite> <!-- systaem.qa.tests.LoginPageTest -->
