<?xml version="1.0" encoding="UTF-8"?>
<!-- Generated by org.testng.reporters.JUnitReportReporter -->
<testsuite hostname="Mathiyaparanams.local" failures="0" tests="4" name="systaem.qa.tests.DashboardTest" time="141.714" errors="0" timestamp="22 Dec 2021 10:30:38 GMT" skipped="0">
  <testcase classname="systaem.qa.tests.DashboardTest" name="clickPim" time="32.063"/>
  <testcase classname="systaem.qa.tests.DashboardTest" name="check_secondQuote" time="63.477"/>
  <testcase classname="systaem.qa.tests.DashboardTest" name="chekQuickLaunch" time="24.367"/>
  <testcase classname="systaem.qa.tests.DashboardTest" name="clickAdmin" time="21.807"/>
</testsuite> <!-- systaem.qa.tests.DashboardTest -->
